[2016-05-20 04:25:23] local.ERROR: ErrorException: Use of undefined constant cart - assumed 'cart' in /home/dwi/Web/ESQA/storage/framework/views/03fbec029fa05be701f30c6b761da985eb56a56e.php:52
Stack trace:
#0 /home/dwi/Web/ESQA/storage/framework/views/03fbec029fa05be701f30c6b761da985eb56a56e.php(52): Illuminate\Foundation\Bootstrap\HandleExceptions->handleError(8, 'Use of undefine...', '/home/dwi/Web/E...', 52, Array)
#1 /home/dwi/Web/ESQA/vendor/laravel/framework/src/Illuminate/View/Engines/PhpEngine.php(42): include('/home/dwi/Web/E...')
#2 /home/dwi/Web/ESQA/vendor/laravel/framework/src/Illuminate/View/Engines/CompilerEngine.php(59): Illuminate\View\Engines\PhpEngine->evaluatePath('/home/dwi/Web/E...', Array)
#3 /home/dwi/Web/ESQA/vendor/laravel/framework/src/Illuminate/View/View.php(149): Illuminate\View\Engines\CompilerEngine->get('/home/dwi/Web/E...', Array)
#4 /home/dwi/Web/ESQA/vendor/laravel/framework/src/Illuminate/View/View.php(120): Illuminate\View\View->getContents()
#5 /home/dwi/Web/ESQA/vendor/laravel/framework/src/Illuminate/View/View.php(85): Illuminate\View\View->renderContents()
#6 /home/dwi/Web/ESQA/vendor/laravel/framework/src/Illuminate/Http/Response.php(53): Illuminate\View\View->render()
#7 /home/dwi/Web/ESQA/vendor/symfony/http-foundation/Response.php(199): Illuminate\Http\Response->setContent(Object(Illuminate\View\View))
#8 /home/dwi/Web/ESQA/vendor/laravel/framework/src/Illuminate/Routing/Router.php(1087): Symfony\Component\HttpFoundation\Response->__construct(Object(Illuminate\View\View))
#9 /home/dwi/Web/ESQA/vendor/laravel/framework/src/Illuminate/Routing/Router.php(724): Illuminate\Routing\Router->prepareResponse(Object(Illuminate\Http\Request), Object(Illuminate\View\View))
#10 [internal function]: Illuminate\Routing\Router->Illuminate\Routing\{closure}(Object(Illuminate\Http\Request))
#11 /home/dwi/Web/ESQA/vendor/laravel/framework/src/Illuminate/Routing/Pipeline.php(52): call_user_func(Object(Closure), Object(Illuminate\Http\Request))
#12 /home/dwi/Web/ESQA/vendor/laravel/framework/src/Illuminate/Foundation/Http/Middleware/VerifyCsrfToken.php(64): Illuminate\Routing\Pipeline->Illuminate\Routing\{closure}(Object(Illuminate\Http\Request))
#13 [internal function]: Illuminate\Foundation\Http\Middleware\VerifyCsrfToken->handle(Object(Illuminate\Http\Request), Object(Closure))
#14 /home/dwi/Web/ESQA/vendor/laravel/framework/src/Illuminate/Pipeline/Pipeline.php(136): call_user_func_array(Array, Array)
#15 [internal function]: Illuminate\Pipeline\Pipeline->Illuminate\Pipeline\{closure}(Object(Illuminate\Http\Request))
#16 /home/dwi/Web/ESQA/vendor/laravel/framework/src/Illuminate/Routing/Pipeline.php(32): call_user_func(Object(Closure), Object(Illuminate\Http\Request))
#17 /home/dwi/Web/ESQA/vendor/laravel/framework/src/Illuminate/View/Middleware/ShareErrorsFromSession.php(49): Illuminate\Routing\Pipeline->Illuminate\Routing\{closure}(Object(Illuminate\Http\Request))
#18 [internal function]: Illuminate\View\Middleware\ShareErrorsFromSession->handle(Object(Illuminate\Http\Request), Object(Closure))
#19 /home/dwi/Web/ESQA/vendor/laravel/framework/src/Illuminate/Pipeline/Pipeline.php(136): call_user_func_array(Array, Array)
#20 [internal function]: Illuminate\Pipeline\Pipeline->Illuminate\Pipeline\{closure}(Object(Illuminate\Http\Request))
#21 /home/dwi/Web/ESQA/vendor/laravel/framework/src/Illuminate/Routing/Pipeline.php(32): call_user_func(Object(Closure), Object(Illuminate\Http\Request))
#22 /home/dwi/Web/ESQA/vendor/laravel/framework/src/Illuminate/Session/Middleware/StartSession.php(62): Illuminate\Routing\Pipeline->Illuminate\Routing\{closure}(Object(Illuminate\Http\Request))
#23 [internal function]: Illuminate\Session\Middleware\StartSession->handle(Object(Illuminate\Http\Request), Object(Closure))
#24 /home/dwi/Web/ESQA/vendor/laravel/framework/src/Illuminate/Pipeline/Pipeline.php(136): call_user_func_array(Array, Array)
#25 [internal function]: Illuminate\Pipeline\Pipeline->Illuminate\Pipeline\{closure}(Object(Illuminate\Http\Request))
#26 /home/dwi/Web/ESQA/vendor/laravel/framework/src/Illuminate/Routing/Pipeline.php(32): call_user_func(Object(Closure), Object(Illuminate\Http\Request))
#27 /home/dwi/Web/ESQA/vendor/laravel/framework/src/Illuminate/Cookie/Middleware/AddQueuedCookiesToResponse.php(37): Illuminate\Routing\Pipeline->Illuminate\Routing\{closure}(Object(Illuminate\Http\Request))
#28 [internal function]: Illuminate\Cookie\Middleware\AddQueuedCookiesToResponse->handle(Object(Illuminate\Http\Request), Object(Closure))
#29 /home/dwi/Web/ESQA/vendor/laravel/framework/src/Illuminate/Pipeline/Pipeline.php(136): call_user_func_array(Array, Array)
#30 [internal function]: Illuminate\Pipeline\Pipeline->Illuminate\Pipeline\{closure}(Object(Illuminate\Http\Request))
#31 /home/dwi/Web/ESQA/vendor/laravel/framework/src/Illuminate/Routing/Pipeline.php(32): call_user_func(Object(Closure), Object(Illuminate\Http\Request))
#32 /home/dwi/Web/ESQA/vendor/laravel/framework/src/Illuminate/Cookie/Middleware/EncryptCookies.php(59): Illuminate\Routing\Pipeline->Illuminate\Routing\{closure}(Object(Illuminate\Http\Request))
#33 [internal function]: Illuminate\Cookie\Middleware\EncryptCookies->handle(Object(Illuminate\Http\Request), Object(Closure))
#34 /home/dwi/Web/ESQA/vendor/laravel/framework/src/Illuminate/Pipeline/Pipeline.php(136): call_user_func_array(Array, Array)
#35 [internal function]: Illuminate\Pipeline\Pipeline->Illuminate\Pipeline\{closure}(Object(Illuminate\Http\Request))
#36 /home/dwi/Web/ESQA/vendor/laravel/framework/src/Illuminate/Routing/Pipeline.php(32): call_user_func(Object(Closure), Object(Illuminate\Http\Request))
#37 [internal function]: Illuminate\Routing\Pipeline->Illuminate\Routing\{closure}(Object(Illuminate\Http\Request))
#38 /home/dwi/Web/ESQA/vendor/laravel/framework/src/Illuminate/Pipeline/Pipeline.php(102): call_user_func(Object(Closure), Object(Illuminate\Http\Request))
#39 /home/dwi/Web/ESQA/vendor/laravel/framework/src/Illuminate/Routing/Router.php(726): Illuminate\Pipeline\Pipeline->then(Object(Closure))
#40 /home/dwi/Web/ESQA/vendor/laravel/framework/src/Illuminate/Routing/Router.php(699): Illuminate\Routing\Router->runRouteWithinStack(Object(Illuminate\Routing\Route), Object(Illuminate\Http\Request))
#41 /home/dwi/Web/ESQA/vendor/laravel/framework/src/Illuminate/Routing/Router.php(675): Illuminate\Routing\Router->dispatchToRoute(Object(Illuminate\Http\Request))
#42 /home/dwi/Web/ESQA/vendor/laravel/framework/src/Illuminate/Foundation/Http/Kernel.php(246): Illuminate\Routing\Router->dispatch(Object(Illuminate\Http\Request))
#43 [internal function]: Illuminate\Foundation\Http\Kernel->Illuminate\Foundation\Http\{closure}(Object(Illuminate\Http\Request))
#44 /home/dwi/Web/ESQA/vendor/laravel/framework/src/Illuminate/Routing/Pipeline.php(52): call_user_func(Object(Closure), Object(Illuminate\Http\Request))
#45 /home/dwi/Web/ESQA/vendor/laravel/framework/src/Illuminate/Foundation/Http/Middleware/CheckForMaintenanceMode.php(44): Illuminate\Routing\Pipeline->Illuminate\Routing\{closure}(Object(Illuminate\Http\Request))
#46 [internal function]: Illuminate\Foundation\Http\Middleware\CheckForMaintenanceMode->handle(Object(Illuminate\Http\Request), Object(Closure))
#47 /home/dwi/Web/ESQA/vendor/laravel/framework/src/Illuminate/Pipeline/Pipeline.php(136): call_user_func_array(Array, Array)
#48 [internal function]: Illuminate\Pipeline\Pipeline->Illuminate\Pipeline\{closure}(Object(Illuminate\Http\Request))
#49 /home/dwi/Web/ESQA/vendor/laravel/framework/src/Illuminate/Routing/Pipeline.php(32): call_user_func(Object(Closure), Object(Illuminate\Http\Request))
#50 [internal function]: Illuminate\Routing\Pipeline->Illuminate\Routing\{closure}(Object(Illuminate\Http\Request))
#51 /home/dwi/Web/ESQA/vendor/laravel/framework/src/Illuminate/Pipeline/Pipeline.php(102): call_user_func(Object(Closure), Object(Illuminate\Http\Request))
#52 /home/dwi/Web/ESQA/vendor/laravel/framework/src/Illuminate/Foundation/Http/Kernel.php(132): Illuminate\Pipeline\Pipeline->then(Object(Closure))
#53 /home/dwi/Web/ESQA/vendor/laravel/framework/src/Illuminate/Foundation/Http/Kernel.php(99): Illuminate\Foundation\Http\Kernel->sendRequestThroughRouter(Object(Illuminate\Http\Request))
#54 /home/dwi/Web/ESQA/public/index.php(53): Illuminate\Foundation\Http\Kernel->handle(Object(Illuminate\Http\Request))
#55 {main}

Next ErrorException: Use of undefined constant cart - assumed 'cart' (View: /home/dwi/Web/ESQA/resources/views/app.blade.php) in /home/dwi/Web/ESQA/storage/framework/views/03fbec029fa05be701f30c6b761da985eb56a56e.php:52
Stack trace:
#0 /home/dwi/Web/ESQA/vendor/laravel/framework/src/Illuminate/View/Engines/PhpEngine.php(44): Illuminate\View\Engines\CompilerEngine->handleViewException(Object(ErrorException), 1)
#1 /home/dwi/Web/ESQA/vendor/laravel/framework/src/Illuminate/View/Engines/CompilerEngine.php(59): Illuminate\View\Engines\PhpEngine->evaluatePath('/home/dwi/Web/E...', Array)
#2 /home/dwi/Web/ESQA/vendor/laravel/framework/src/Illuminate/View/View.php(149): Illuminate\View\Engines\CompilerEngine->get('/home/dwi/Web/E...', Array)
#3 /home/dwi/Web/ESQA/vendor/laravel/framework/src/Illuminate/View/View.php(120): Illuminate\View\View->getContents()
#4 /home/dwi/Web/ESQA/vendor/laravel/framework/src/Illuminate/View/View.php(85): Illuminate\View\View->renderContents()
#5 /home/dwi/Web/ESQA/vendor/laravel/framework/src/Illuminate/Http/Response.php(53): Illuminate\View\View->render()
#6 /home/dwi/Web/ESQA/vendor/symfony/http-foundation/Response.php(199): Illuminate\Http\Response->setContent(Object(Illuminate\View\View))
#7 /home/dwi/Web/ESQA/vendor/laravel/framework/src/Illuminate/Routing/Router.php(1087): Symfony\Component\HttpFoundation\Response->__construct(Object(Illuminate\View\View))
#8 /home/dwi/Web/ESQA/vendor/laravel/framework/src/Illuminate/Routing/Router.php(724): Illuminate\Routing\Router->prepareResponse(Object(Illuminate\Http\Request), Object(Illuminate\View\View))
#9 [internal function]: Illuminate\Routing\Router->Illuminate\Routing\{closure}(Object(Illuminate\Http\Request))
#10 /home/dwi/Web/ESQA/vendor/laravel/framework/src/Illuminate/Routing/Pipeline.php(52): call_user_func(Object(Closure), Object(Illuminate\Http\Request))
#11 /home/dwi/Web/ESQA/vendor/laravel/framework/src/Illuminate/Foundation/Http/Middleware/VerifyCsrfToken.php(64): Illuminate\Routing\Pipeline->Illuminate\Routing\{closure}(Object(Illuminate\Http\Request))
#12 [internal function]: Illuminate\Foundation\Http\Middleware\VerifyCsrfToken->handle(Object(Illuminate\Http\Request), Object(Closure))
#13 /home/dwi/Web/ESQA/vendor/laravel/framework/src/Illuminate/Pipeline/Pipeline.php(136): call_user_func_array(Array, Array)
#14 [internal function]: Illuminate\Pipeline\Pipeline->Illuminate\Pipeline\{closure}(Object(Illuminate\Http\Request))
#15 /home/dwi/Web/ESQA/vendor/laravel/framework/src/Illuminate/Routing/Pipeline.php(32): call_user_func(Object(Closure), Object(Illuminate\Http\Request))
#16 /home/dwi/Web/ESQA/vendor/laravel/framework/src/Illuminate/View/Middleware/ShareErrorsFromSession.php(49): Illuminate\Routing\Pipeline->Illuminate\Routing\{closure}(Object(Illuminate\Http\Request))
#17 [internal function]: Illuminate\View\Middleware\ShareErrorsFromSession->handle(Object(Illuminate\Http\Request), Object(Closure))
#18 /home/dwi/Web/ESQA/vendor/laravel/framework/src/Illuminate/Pipeline/Pipeline.php(136): call_user_func_array(Array, Array)
#19 [internal function]: Illuminate\Pipeline\Pipeline->Illuminate\Pipeline\{closure}(Object(Illuminate\Http\Request))
#20 /home/dwi/Web/ESQA/vendor/laravel/framework/src/Illuminate/Routing/Pipeline.php(32): call_user_func(Object(Closure), Object(Illuminate\Http\Request))
#21 /home/dwi/Web/ESQA/vendor/laravel/framework/src/Illuminate/Session/Middleware/StartSession.php(62): Illuminate\Routing\Pipeline->Illuminate\Routing\{closure}(Object(Illuminate\Http\Request))
#22 [internal function]: Illuminate\Session\Middleware\StartSession->handle(Object(Illuminate\Http\Request), Object(Closure))
#23 /home/dwi/Web/ESQA/vendor/laravel/framework/src/Illuminate/Pipeline/Pipeline.php(136): call_user_func_array(Array, Array)
#24 [internal function]: Illuminate\Pipeline\Pipeline->Illuminate\Pipeline\{closure}(Object(Illuminate\Http\Request))
#25 /home/dwi/Web/ESQA/vendor/laravel/framework/src/Illuminate/Routing/Pipeline.php(32): call_user_func(Object(Closure), Object(Illuminate\Http\Request))
#26 /home/dwi/Web/ESQA/vendor/laravel/framework/src/Illuminate/Cookie/Middleware/AddQueuedCookiesToResponse.php(37): Illuminate\Routing\Pipeline->Illuminate\Routing\{closure}(Object(Illuminate\Http\Request))
#27 [internal function]: Illuminate\Cookie\Middleware\AddQueuedCookiesToResponse->handle(Object(Illuminate\Http\Request), Object(Closure))
#28 /home/dwi/Web/ESQA/vendor/laravel/framework/src/Illuminate/Pipeline/Pipeline.php(136): call_user_func_array(Array, Array)
#29 [internal function]: Illuminate\Pipeline\Pipeline->Illuminate\Pipeline\{closure}(Object(Illuminate\Http\Request))
#30 /home/dwi/Web/ESQA/vendor/laravel/framework/src/Illuminate/Routing/Pipeline.php(32): call_user_func(Object(Closure), Object(Illuminate\Http\Request))
#31 /home/dwi/Web/ESQA/vendor/laravel/framework/src/Illuminate/Cookie/Middleware/EncryptCookies.php(59): Illuminate\Routing\Pipeline->Illuminate\Routing\{closure}(Object(Illuminate\Http\Request))
#32 [internal function]: Illuminate\Cookie\Middleware\EncryptCookies->handle(Object(Illuminate\Http\Request), Object(Closure))
#33 /home/dwi/Web/ESQA/vendor/laravel/framework/src/Illuminate/Pipeline/Pipeline.php(136): call_user_func_array(Array, Array)
#34 [internal function]: Illuminate\Pipeline\Pipeline->Illuminate\Pipeline\{closure}(Object(Illuminate\Http\Request))
#35 /home/dwi/Web/ESQA/vendor/laravel/framework/src/Illuminate/Routing/Pipeline.php(32): call_user_func(Object(Closure), Object(Illuminate\Http\Request))
#36 [internal function]: Illuminate\Routing\Pipeline->Illuminate\Routing\{closure}(Object(Illuminate\Http\Request))
#37 /home/dwi/Web/ESQA/vendor/laravel/framework/src/Illuminate/Pipeline/Pipeline.php(102): call_user_func(Object(Closure), Object(Illuminate\Http\Request))
#38 /home/dwi/Web/ESQA/vendor/laravel/framework/src/Illuminate/Routing/Router.php(726): Illuminate\Pipeline\Pipeline->then(Object(Closure))
#39 /home/dwi/Web/ESQA/vendor/laravel/framework/src/Illuminate/Routing/Router.php(699): Illuminate\Routing\Router->runRouteWithinStack(Object(Illuminate\Routing\Route), Object(Illuminate\Http\Request))
#40 /home/dwi/Web/ESQA/vendor/laravel/framework/src/Illuminate/Routing/Router.php(675): Illuminate\Routing\Router->dispatchToRoute(Object(Illuminate\Http\Request))
#41 /home/dwi/Web/ESQA/vendor/laravel/framework/src/Illuminate/Foundation/Http/Kernel.php(246): Illuminate\Routing\Router->dispatch(Object(Illuminate\Http\Request))
#42 [internal function]: Illuminate\Foundation\Http\Kernel->Illuminate\Foundation\Http\{closure}(Object(Illuminate\Http\Request))
#43 /home/dwi/Web/ESQA/vendor/laravel/framework/src/Illuminate/Routing/Pipeline.php(52): call_user_func(Object(Closure), Object(Illuminate\Http\Request))
#44 /home/dwi/Web/ESQA/vendor/laravel/framework/src/Illuminate/Foundation/Http/Middleware/CheckForMaintenanceMode.php(44): Illuminate\Routing\Pipeline->Illuminate\Routing\{closure}(Object(Illuminate\Http\Request))
#45 [internal function]: Illuminate\Foundation\Http\Middleware\CheckForMaintenanceMode->handle(Object(Illuminate\Http\Request), Object(Closure))
#46 /home/dwi/Web/ESQA/vendor/laravel/framework/src/Illuminate/Pipeline/Pipeline.php(136): call_user_func_array(Array, Array)
#47 [internal function]: Illuminate\Pipeline\Pipeline->Illuminate\Pipeline\{closure}(Object(Illuminate\Http\Request))
#48 /home/dwi/Web/ESQA/vendor/laravel/framework/src/Illuminate/Routing/Pipeline.php(32): call_user_func(Object(Closure), Object(Illuminate\Http\Request))
#49 [internal function]: Illuminate\Routing\Pipeline->Illuminate\Routing\{closure}(Object(Illuminate\Http\Request))
#50 /home/dwi/Web/ESQA/vendor/laravel/framework/src/Illuminate/Pipeline/Pipeline.php(102): call_user_func(Object(Closure), Object(Illuminate\Http\Request))
#51 /home/dwi/Web/ESQA/vendor/laravel/framework/src/Illuminate/Foundation/Http/Kernel.php(132): Illuminate\Pipeline\Pipeline->then(Object(Closure))
#52 /home/dwi/Web/ESQA/vendor/laravel/framework/src/Illuminate/Foundation/Http/Kernel.php(99): Illuminate\Foundation\Http\Kernel->sendRequestThroughRouter(Object(Illuminate\Http\Request))
#53 /home/dwi/Web/ESQA/public/index.php(53): Illuminate\Foundation\Http\Kernel->handle(Object(Illuminate\Http\Request))
#54 {main}  
